SF:lib\data\datasources\db\database_helper.dart
DA:11,1
DA:15,1
DA:16,1
DA:20,1
DA:22,1
DA:26,1
DA:28,1
DA:36,1
DA:37,1
DA:39,1
DA:41,2
DA:44,1
DA:45,1
DA:54,1
DA:64,1
DA:65,1
DA:66,2
DA:69,1
DA:70,1
DA:71,1
DA:74,2
DA:78,1
DA:79,1
DA:80,1
DA:83,1
DA:86,1
DA:87,1
DA:93,1
DA:94,1
DA:95,1
DA:101,1
DA:102,1
DA:103,2
DA:106,1
DA:107,1
DA:108,1
DA:111,2
DA:115,1
DA:116,1
DA:117,1
DA:120,1
DA:123,1
DA:124,1
DA:130,1
DA:131,1
DA:132,1
LF:46
LH:46
end_of_record
SF:lib\data\models\genre_model.dart
DA:5,1
DA:10,0
DA:11,0
DA:13,4
DA:15,0
DA:16,0
DA:19,0
DA:20,0
LF:8
LH:2
end_of_record
SF:lib\domain\entities\genre.dart
DA:4,0
DA:12,0
DA:13,0
LF:3
LH:0
end_of_record
SF:lib\styles\text_styles.dart
DA:5,0
DA:9,0
DA:14,0
DA:19,0
DA:26,0
DA:27,0
DA:28,0
DA:29,0
DA:30,0
LF:9
LH:0
end_of_record
SF:lib\utils\exception.dart
DA:6,0
LF:1
LH:0
end_of_record
SF:lib\utils\failure.dart
DA:6,0
DA:8,0
DA:9,0
DA:13,0
DA:17,0
DA:21,0
LF:6
LH:0
end_of_record
SF:lib\utils\utils.dart
DA:3,0
LF:1
LH:0
end_of_record
