SF:/c/Users/admba/Downloads/a199-flutter-expert-project-main/ditonton/core/lib/data/datasources/db/database_helper.dart
DA:11,1
DA:15,1
DA:16,1
DA:20,1
DA:22,1
DA:26,1
DA:28,1
DA:36,1
DA:37,1
DA:39,1
DA:41,2
DA:44,1
DA:45,1
DA:54,1
DA:64,1
DA:65,1
DA:66,2
DA:69,1
DA:70,1
DA:71,1
DA:74,2
DA:78,1
DA:79,1
DA:80,1
DA:83,1
DA:86,1
DA:87,1
DA:93,1
DA:94,1
DA:95,1
DA:101,1
DA:102,1
DA:103,2
DA:106,1
DA:107,1
DA:108,1
DA:111,2
DA:115,1
DA:116,1
DA:117,1
DA:120,1
DA:123,1
DA:124,1
DA:130,1
DA:131,1
DA:132,1
LF:46
LH:46
end_of_record
SF:/c/Users/admba/Downloads/a199-flutter-expert-project-main/ditonton/core/lib/data/models/genre_model.dart
DA:5,1
DA:10,0
DA:11,0
DA:13,4
DA:15,0
DA:16,0
DA:19,0
DA:20,0
LF:8
LH:2
end_of_record
SF:/c/Users/admba/Downloads/a199-flutter-expert-project-main/ditonton/core/lib/domain/entities/genre.dart
DA:4,0
DA:12,0
DA:13,0
LF:3
LH:0
end_of_record
SF:/c/Users/admba/Downloads/a199-flutter-expert-project-main/ditonton/core/lib/styles/text_styles.dart
DA:5,0
DA:9,0
DA:14,0
DA:19,0
DA:26,0
DA:27,0
DA:28,0
DA:29,0
DA:30,0
LF:9
LH:0
end_of_record
SF:/c/Users/admba/Downloads/a199-flutter-expert-project-main/ditonton/core/lib/utils/exception.dart
DA:6,0
LF:1
LH:0
end_of_record
SF:/c/Users/admba/Downloads/a199-flutter-expert-project-main/ditonton/core/lib/utils/failure.dart
DA:6,0
DA:8,0
DA:9,0
DA:13,0
DA:17,0
DA:21,0
LF:6
LH:0
end_of_record
SF:/c/Users/admba/Downloads/a199-flutter-expert-project-main/ditonton/core/lib/utils/utils.dart
DA:3,0
LF:1
LH:0
end_of_record
SF:/c/Users/admba/Downloads/a199-flutter-expert-project-main/ditonton/features/movies/lib/data/models/movie_detail_model.dart
DA:6,3
DA:52,2
DA:53,2
DA:54,2
DA:55,2
DA:56,2
DA:57,2
DA:58,8
DA:60,2
DA:61,2
DA:62,2
DA:63,2
DA:64,2
DA:65,2
DA:66,4
DA:67,2
DA:68,2
DA:69,2
DA:70,2
DA:71,2
DA:72,2
DA:73,2
DA:74,2
DA:75,4
DA:76,2
DA:79,2
DA:80,1
DA:81,1
DA:82,1
DA:83,5
DA:84,1
DA:85,1
DA:86,1
DA:87,1
DA:88,1
DA:89,1
DA:90,1
DA:91,1
DA:92,1
DA:93,1
DA:94,1
DA:95,1
DA:96,1
DA:97,1
DA:98,1
DA:99,1
DA:100,1
DA:103,2
DA:104,2
DA:105,2
DA:106,2
DA:107,10
DA:108,2
DA:109,2
DA:110,2
DA:111,2
DA:112,2
DA:113,2
DA:114,2
DA:115,2
DA:116,2
DA:120,2
DA:122,2
DA:123,2
DA:124,2
DA:125,2
DA:126,2
DA:127,2
DA:128,2
DA:129,2
DA:130,2
DA:131,2
DA:132,2
DA:133,2
DA:134,2
DA:135,2
DA:136,2
DA:137,2
DA:138,2
DA:139,2
DA:140,2
DA:141,2
DA:142,2
DA:143,2
LF:84
LH:84
end_of_record
SF:/c/Users/admba/Downloads/a199-flutter-expert-project-main/ditonton/features/movies/lib/presentation/bloc/movie_detail/movie_detail_state.dart
DA:7,33
DA:9,1
DA:10,1
DA:15,30
DA:19,31
DA:27,2
DA:29,1
DA:30,3
DA:36,32
DA:38,1
DA:39,2
LF:11
LH:11
end_of_record
SF:/c/Users/admba/Downloads/a199-flutter-expert-project-main/ditonton/features/movies/lib/presentation/bloc/now_playing_movies/now_playing_movies_state.dart
DA:5,31
DA:7,1
DA:8,1
DA:12,30
DA:16,30
DA:22,1
DA:24,1
DA:25,2
DA:31,2
DA:33,1
DA:34,2
LF:11
LH:11
end_of_record
SF:/c/Users/admba/Downloads/a199-flutter-expert-project-main/ditonton/features/movies/lib/presentation/bloc/popular_movies/popular_movies_state.dart
DA:6,33
DA:8,1
DA:9,1
DA:13,30
DA:17,31
DA:23,2
DA:25,1
DA:26,2
DA:32,3
DA:34,1
DA:35,2
LF:11
LH:11
end_of_record
SF:/c/Users/admba/Downloads/a199-flutter-expert-project-main/ditonton/features/movies/lib/presentation/bloc/top_rated_movies/top_rated_movies_state.dart
DA:5,33
DA:7,1
DA:8,1
DA:12,30
DA:16,31
DA:22,2
DA:24,1
DA:25,2
DA:31,3
DA:33,1
DA:34,2
LF:11
LH:11
end_of_record
SF:/c/Users/admba/Downloads/a199-flutter-expert-project-main/ditonton/features/movies/lib/presentation/bloc/search_movies/search_movies_state.dart
DA:5,34
DA:7,1
DA:8,1
DA:12,32
DA:16,32
DA:22,2
DA:24,1
DA:25,2
DA:31,4
DA:33,1
DA:34,2
LF:11
LH:11
end_of_record
SF:/c/Users/admba/Downloads/a199-flutter-expert-project-main/ditonton/features/movies/lib/presentation/bloc/watchlist_movies/watchlist_movies_state.dart
DA:6,34
DA:8,1
DA:9,1
DA:14,32
DA:18,31
DA:24,2
DA:26,1
DA:27,2
DA:33,3
DA:35,1
DA:36,2
DA:43,3
DA:45,1
DA:46,2
DA:53,30
DA:55,1
DA:56,2
LF:17
LH:17
end_of_record
SF:/c/Users/admba/Downloads/a199-flutter-expert-project-main/ditonton/features/movies/lib/data/datasources/movie_remote_data_source.dart
DA:22,1
DA:24,1
DA:26,2
DA:27,1
DA:30,2
DA:31,4
DA:33,1
DA:37,1
DA:39,2
DA:40,2
DA:43,2
DA:44,3
DA:46,1
DA:50,1
DA:52,2
DA:53,2
DA:56,2
DA:57,4
DA:59,1
DA:63,1
DA:65,2
DA:66,1
DA:69,2
DA:70,4
DA:72,1
DA:76,1
DA:78,2
DA:79,1
DA:82,2
DA:83,4
DA:85,1
DA:89,1
DA:91,2
DA:92,2
DA:95,2
DA:96,4
DA:98,1
LF:37
LH:37
end_of_record
SF:/c/Users/admba/Downloads/a199-flutter-expert-project-main/ditonton/features/movies/lib/data/datasources/movie_local_data_source.dart
DA:14,1
DA:16,1
DA:19,2
DA:22,2
DA:26,1
DA:29,2
DA:32,2
DA:36,1
DA:38,2
DA:40,1
DA:46,1
DA:48,2
DA:49,4
LF:13
LH:13
end_of_record
SF:/c/Users/admba/Downloads/a199-flutter-expert-project-main/ditonton/features/movies/lib/presentation/bloc/movie_detail/movie_detail_bloc.dart
DA:9,1
DA:14,1
DA:15,2
DA:16,1
DA:18,3
DA:23,1
DA:24,1
DA:25,1
DA:27,1
DA:34,2
DA:40,1
DA:41,2
DA:42,1
DA:45,1
DA:46,1
DA:53,1
DA:60,2
DA:64,0
LF:18
LH:17
end_of_record
SF:/c/Users/admba/Downloads/a199-flutter-expert-project-main/ditonton/features/movies/lib/presentation/bloc/now_playing_movies/now_playing_movies_bloc.dart
DA:8,1
DA:9,1
DA:10,2
DA:11,1
DA:12,2
DA:14,1
DA:15,1
DA:16,3
DA:18,1
DA:19,2
LF:10
LH:10
end_of_record
SF:/c/Users/admba/Downloads/a199-flutter-expert-project-main/ditonton/features/movies/lib/presentation/bloc/popular_movies/popular_movies_bloc.dart
DA:7,1
DA:8,1
DA:9,2
DA:10,1
DA:11,2
DA:13,1
DA:14,1
DA:15,3
DA:17,1
DA:18,2
LF:10
LH:10
end_of_record
SF:/c/Users/admba/Downloads/a199-flutter-expert-project-main/ditonton/features/movies/lib/presentation/bloc/top_rated_movies/top_rated_movies_bloc.dart
DA:8,1
DA:9,1
DA:10,2
DA:11,1
DA:12,2
DA:14,1
DA:15,1
DA:16,3
DA:18,1
DA:19,2
LF:10
LH:10
end_of_record
SF:/c/Users/admba/Downloads/a199-flutter-expert-project-main/ditonton/features/movies/lib/presentation/bloc/search_movies/search_movies_bloc.dart
DA:9,2
DA:10,1
DA:11,1
DA:12,1
DA:14,1
DA:15,1
DA:21,1
DA:22,2
DA:24,1
DA:25,1
DA:26,3
DA:28,1
DA:29,2
DA:33,1
DA:39,1
DA:40,3
LF:16
LH:16
end_of_record
SF:/c/Users/admba/Downloads/a199-flutter-expert-project-main/ditonton/features/movies/lib/presentation/bloc/watchlist_movies/watchlist_movies_bloc.dart
DA:15,1
DA:24,1
DA:26,2
DA:27,1
DA:28,2
DA:30,1
DA:31,1
DA:32,3
DA:34,1
DA:35,2
DA:41,2
DA:42,1
DA:43,2
DA:44,2
DA:48,2
DA:49,1
DA:50,2
DA:52,1
DA:53,1
DA:54,1
DA:55,2
DA:58,1
DA:59,1
DA:65,2
DA:66,1
DA:67,2
DA:69,1
DA:70,1
DA:71,1
DA:72,2
DA:75,1
DA:76,1
LF:32
LH:32
end_of_record
SF:/c/Users/admba/Downloads/a199-flutter-expert-project-main/ditonton/features/movies/lib/data/models/movie_model.dart
DA:5,4
DA:35,4
DA:36,2
DA:37,2
DA:38,8
DA:39,2
DA:40,2
DA:41,2
DA:42,4
DA:43,2
DA:44,2
DA:45,2
DA:46,2
DA:47,4
DA:48,2
DA:51,2
DA:52,1
DA:53,1
DA:54,4
DA:55,1
DA:56,1
DA:57,1
DA:58,1
DA:59,1
DA:60,1
DA:61,1
DA:62,1
DA:63,1
DA:64,1
DA:67,2
DA:68,2
DA:69,2
DA:70,2
DA:71,2
DA:72,2
DA:73,2
DA:74,2
DA:75,2
DA:76,2
DA:77,2
DA:78,2
DA:79,2
DA:80,2
DA:81,2
DA:85,2
DA:86,2
DA:87,2
DA:88,2
DA:89,2
DA:90,2
DA:91,2
DA:92,2
DA:93,2
DA:94,2
DA:95,2
DA:96,2
DA:97,2
DA:98,2
DA:99,2
LF:59
LH:59
end_of_record
SF:/c/Users/admba/Downloads/a199-flutter-expert-project-main/ditonton/features/movies/lib/domain/entities/movie.dart
DA:4,15
DA:20,2
DA:41,9
DA:42,9
DA:43,9
DA:44,9
DA:45,9
DA:46,9
DA:47,9
DA:48,9
DA:49,9
DA:50,9
DA:51,9
DA:52,9
DA:53,9
DA:54,9
DA:55,9
LF:17
LH:17
end_of_record
SF:/c/Users/admba/Downloads/a199-flutter-expert-project-main/ditonton/features/movies/lib/data/models/movie_response.dart
DA:7,2
DA:9,4
DA:10,2
DA:11,2
DA:12,6
DA:13,6
DA:17,2
DA:18,5
DA:21,1
DA:22,2
LF:10
LH:10
end_of_record
SF:/c/Users/admba/Downloads/a199-flutter-expert-project-main/ditonton/features/movies/lib/data/models/movie_table.dart
DA:10,3
DA:17,0
DA:23,0
DA:24,0
DA:25,0
DA:26,0
DA:27,0
DA:31,4
DA:32,2
DA:33,2
DA:34,2
DA:35,2
DA:38,2
DA:39,1
DA:40,1
DA:41,1
DA:42,1
DA:45,2
DA:46,1
DA:47,1
DA:48,1
DA:49,1
DA:52,4
DA:53,2
DA:54,2
DA:55,2
DA:56,2
DA:59,3
DA:61,15
LF:29
LH:23
end_of_record
SF:/c/Users/admba/Downloads/a199-flutter-expert-project-main/ditonton/features/movies/lib/data/repositories/movie_repository_impl.dart
DA:11,1
DA:16,1
DA:19,2
DA:20,5
DA:21,1
DA:22,2
DA:23,1
DA:24,2
DA:28,1
DA:31,2
DA:32,2
DA:33,1
DA:34,2
DA:35,1
DA:36,2
DA:40,1
DA:43,2
DA:44,3
DA:45,1
DA:46,2
DA:47,1
DA:48,2
DA:52,1
DA:55,2
DA:56,5
DA:57,1
DA:58,2
DA:59,1
DA:60,2
DA:64,1
DA:67,2
DA:68,5
DA:69,1
DA:70,2
DA:71,1
DA:72,2
DA:76,1
DA:79,2
DA:80,5
DA:81,1
DA:82,2
DA:83,1
DA:84,2
DA:88,1
DA:91,2
DA:92,1
DA:94,1
DA:95,1
DA:96,3
DA:102,1
DA:105,2
DA:106,1
DA:108,1
DA:109,1
DA:110,3
DA:114,1
DA:116,2
DA:120,1
DA:122,2
DA:123,5
LF:60
LH:60
end_of_record
SF:/c/Users/admba/Downloads/a199-flutter-expert-project-main/ditonton/features/movies/lib/domain/entities/movie_detail.dart
DA:5,9
DA:33,3
DA:34,3
DA:35,3
DA:36,3
DA:37,3
DA:38,3
DA:39,3
DA:40,3
DA:41,3
DA:42,3
DA:43,3
DA:44,3
DA:45,3
LF:14
LH:14
end_of_record
SF:/c/Users/admba/Downloads/a199-flutter-expert-project-main/ditonton/features/movies/lib/domain/usecases/get_movie_detail.dart
DA:8,1
DA:10,1
DA:11,2
LF:3
LH:3
end_of_record
SF:/c/Users/admba/Downloads/a199-flutter-expert-project-main/ditonton/features/movies/lib/domain/usecases/get_movie_recommendations.dart
DA:8,1
DA:10,1
DA:11,2
LF:3
LH:3
end_of_record
SF:/c/Users/admba/Downloads/a199-flutter-expert-project-main/ditonton/features/movies/lib/domain/usecases/get_now_playing_movies.dart
DA:8,1
DA:10,1
DA:11,2
LF:3
LH:3
end_of_record
SF:/c/Users/admba/Downloads/a199-flutter-expert-project-main/ditonton/features/movies/lib/domain/usecases/get_popular_movies.dart
DA:8,1
DA:10,1
DA:11,2
LF:3
LH:3
end_of_record
SF:/c/Users/admba/Downloads/a199-flutter-expert-project-main/ditonton/features/movies/lib/domain/usecases/get_top_rated_movies.dart
DA:8,1
DA:10,1
DA:11,2
LF:3
LH:3
end_of_record
SF:/c/Users/admba/Downloads/a199-flutter-expert-project-main/ditonton/features/movies/lib/domain/usecases/get_watchlist_movies.dart
DA:8,1
DA:10,1
DA:11,2
LF:3
LH:3
end_of_record
SF:/c/Users/admba/Downloads/a199-flutter-expert-project-main/ditonton/features/movies/lib/domain/usecases/get_watchlist_status.dart
DA:6,1
DA:8,1
DA:9,2
LF:3
LH:3
end_of_record
SF:/c/Users/admba/Downloads/a199-flutter-expert-project-main/ditonton/features/movies/lib/domain/usecases/remove_watchlist.dart
DA:8,1
DA:10,1
DA:11,2
LF:3
LH:3
end_of_record
SF:/c/Users/admba/Downloads/a199-flutter-expert-project-main/ditonton/features/movies/lib/domain/usecases/save_watchlist.dart
DA:8,1
DA:10,1
DA:11,2
LF:3
LH:3
end_of_record
SF:/c/Users/admba/Downloads/a199-flutter-expert-project-main/ditonton/features/movies/lib/domain/usecases/search_movies.dart
DA:8,1
DA:10,1
DA:11,2
LF:3
LH:3
end_of_record
SF:/c/Users/admba/Downloads/a199-flutter-expert-project-main/ditonton/features/movies/lib/presentation/bloc/movie_detail/movie_detail_event.dart
DA:5,2
DA:7,0
DA:8,0
DA:14,2
DA:16,0
DA:17,0
DA:23,0
DA:25,0
DA:26,0
LF:9
LH:2
end_of_record
SF:/c/Users/admba/Downloads/a199-flutter-expert-project-main/ditonton/features/movies/lib/presentation/bloc/now_playing_movies/now_playing_movies_event.dart
DA:4,30
DA:6,0
DA:7,0
DA:11,30
DA:13,0
DA:14,0
LF:6
LH:2
end_of_record
SF:/c/Users/admba/Downloads/a199-flutter-expert-project-main/ditonton/features/movies/lib/presentation/bloc/popular_movies/popular_movies_event.dart
DA:5,59
DA:7,0
DA:8,0
DA:12,59
DA:14,0
DA:15,0
LF:6
LH:2
end_of_record
SF:/c/Users/admba/Downloads/a199-flutter-expert-project-main/ditonton/features/movies/lib/presentation/bloc/search_movies/search_movies_event.dart
DA:4,4
DA:6,0
DA:7,0
DA:13,4
DA:15,1
DA:16,2
LF:6
LH:4
end_of_record
SF:/c/Users/admba/Downloads/a199-flutter-expert-project-main/ditonton/features/movies/lib/presentation/bloc/top_rated_movies/top_rated_movies_event.dart
DA:4,59
DA:6,0
DA:7,0
DA:11,59
DA:13,0
DA:14,0
LF:6
LH:2
end_of_record
SF:/c/Users/admba/Downloads/a199-flutter-expert-project-main/ditonton/features/movies/lib/presentation/bloc/watchlist_movies/watchlist_movies_event.dart
DA:5,32
DA:7,0
DA:8,0
DA:12,30
DA:14,0
DA:15,0
DA:22,2
DA:24,0
DA:25,0
DA:32,1
DA:34,0
DA:35,0
DA:42,1
DA:44,0
DA:45,0
LF:15
LH:5
end_of_record
SF:/c/Users/admba/Downloads/a199-flutter-expert-project-main/ditonton/features/movies/lib/presentation/pages/home_movie_page.dart
DA:10,0
DA:12,0
DA:13,0
DA:17,0
DA:19,0
DA:20,0
DA:21,0
DA:22,0
DA:23,0
DA:27,0
DA:29,0
DA:30,0
DA:31,0
DA:32,0
DA:33,0
DA:34,0
DA:35,0
DA:36,0
DA:38,0
DA:39,0
DA:40,0
DA:42,0
DA:43,0
DA:44,0
DA:45,0
DA:46,0
DA:49,0
DA:50,0
DA:51,0
DA:52,0
DA:53,0
DA:56,0
DA:57,0
DA:58,0
DA:59,0
DA:60,0
DA:63,0
DA:64,0
DA:65,0
DA:66,0
DA:67,0
DA:70,0
DA:71,0
DA:72,0
DA:74,0
DA:75,0
DA:80,0
DA:81,0
DA:82,0
DA:83,0
DA:85,0
DA:86,0
DA:88,0
DA:92,0
DA:94,0
DA:95,0
DA:97,0
DA:98,0
DA:99,0
DA:100,0
DA:101,0
DA:103,0
DA:104,0
DA:105,0
DA:106,0
DA:107,0
DA:113,0
DA:115,0
DA:122,0
DA:123,0
DA:124,0
DA:126,0
DA:127,0
DA:128,0
DA:129,0
DA:130,0
DA:136,0
DA:138,0
DA:145,0
DA:146,0
DA:147,0
DA:149,0
DA:150,0
DA:151,0
DA:152,0
DA:153,0
DA:167,0
DA:169,0
DA:171,0
DA:172,0
DA:173,0
DA:176,0
DA:178,0
DA:179,0
DA:191,0
DA:193,0
DA:195,0
DA:197,0
DA:199,0
DA:200,0
DA:201,0
DA:203,0
DA:204,0
DA:205,0
DA:208,0
DA:211,0
DA:212,0
DA:213,0
DA:214,0
DA:215,0
DA:216,0
DA:217,0
DA:223,0
LF:113
LH:0
end_of_record
SF:/c/Users/admba/Downloads/a199-flutter-expert-project-main/ditonton/features/movies/lib/presentation/pages/movie_detail_page.dart
DA:12,1
DA:14,1
DA:15,1
DA:19,1
DA:21,1
DA:22,2
DA:23,6
DA:24,6
DA:28,1
DA:30,1
DA:31,1
DA:32,0
DA:33,0
DA:34,0
DA:36,0
DA:37,0
DA:38,0
DA:40,0
DA:41,0
DA:46,1
DA:47,1
DA:48,1
DA:49,1
DA:51,1
DA:52,1
DA:53,1
DA:55,1
DA:56,1
DA:57,0
DA:58,0
DA:62,1
DA:63,1
DA:69,1
DA:70,3
DA:87,1
DA:94,1
DA:96,3
DA:97,1
DA:98,1
DA:99,1
DA:100,3
DA:102,1
DA:104,0
DA:106,1
DA:108,1
DA:109,1
DA:110,1
DA:116,1
DA:117,1
DA:118,1
DA:120,1
DA:122,1
DA:124,1
DA:125,4
DA:126,1
DA:127,0
DA:128,0
DA:129,0
DA:130,0
DA:133,0
DA:134,0
DA:138,1
DA:140,1
DA:141,1
DA:148,4
DA:149,4
DA:150,1
DA:151,1
DA:152,1
DA:153,3
DA:155,1
DA:161,4
DA:165,2
DA:166,3
DA:168,2
DA:169,2
DA:171,1
DA:173,1
DA:175,1
DA:176,2
DA:177,1
DA:179,1
DA:180,0
DA:181,0
DA:184,0
DA:187,1
DA:192,1
DA:194,2
DA:195,1
DA:204,0
DA:211,2
DA:218,1
DA:220,1
DA:232,1
DA:234,1
DA:237,1
DA:239,0
DA:240,0
DA:249,1
DA:251,2
DA:252,3
DA:255,1
DA:259,3
DA:262,1
DA:263,1
DA:264,1
DA:266,1
DA:267,1
DA:269,0
LF:109
LH:85
end_of_record
SF:/c/Users/admba/Downloads/a199-flutter-expert-project-main/ditonton/features/movies/lib/presentation/pages/popular_movies_page.dart
DA:8,1
DA:10,1
DA:12,1
DA:16,1
DA:18,1
DA:19,1
DA:20,4
DA:24,1
DA:26,1
DA:27,1
DA:28,1
DA:30,1
DA:31,1
DA:32,1
DA:36,1
DA:37,1
DA:38,1
DA:39,2
DA:40,1
DA:42,2
DA:44,1
DA:45,1
DA:47,2
LF:23
LH:23
end_of_record
SF:/c/Users/admba/Downloads/a199-flutter-expert-project-main/ditonton/features/movies/lib/presentation/pages/search_page.dart
DA:9,2
DA:11,1
DA:13,1
DA:14,2
DA:15,1
DA:17,1
DA:19,1
DA:20,1
DA:21,1
DA:22,3
DA:24,1
DA:26,1
DA:27,1
DA:31,1
DA:32,2
DA:33,1
DA:34,1
DA:35,1
DA:37,1
DA:38,1
DA:39,1
DA:40,1
DA:42,1
DA:43,1
DA:44,1
DA:46,1
DA:49,1
DA:50,4
LF:28
LH:28
end_of_record
SF:/c/Users/admba/Downloads/a199-flutter-expert-project-main/ditonton/features/movies/lib/presentation/pages/top_rated_movies_page.dart
DA:8,1
DA:10,1
DA:11,1
DA:15,1
DA:17,1
DA:18,1
DA:19,4
DA:23,1
DA:25,1
DA:26,1
DA:27,1
DA:29,1
DA:30,1
DA:31,1
DA:33,1
DA:34,1
DA:35,1
DA:36,2
DA:37,1
DA:39,2
DA:41,1
DA:42,1
DA:44,2
LF:23
LH:23
end_of_record
SF:/c/Users/admba/Downloads/a199-flutter-expert-project-main/ditonton/features/movies/lib/presentation/pages/watchlist_movies_page.dart
DA:8,1
DA:10,1
DA:11,1
DA:15,1
DA:17,1
DA:18,2
DA:19,3
DA:23,1
DA:25,1
DA:26,1
DA:27,1
DA:29,1
DA:30,1
DA:31,1
DA:33,1
DA:34,1
DA:35,1
DA:36,2
DA:37,1
DA:39,2
DA:41,1
DA:42,1
DA:44,2
LF:23
LH:23
end_of_record
SF:/c/Users/admba/Downloads/a199-flutter-expert-project-main/ditonton/features/movies/lib/presentation/widgets/movie_card_list.dart
DA:9,5
DA:11,5
DA:13,5
DA:15,5
DA:16,1
DA:17,1
DA:20,2
DA:23,5
DA:25,5
DA:26,5
DA:27,5
DA:33,5
DA:35,5
DA:36,5
DA:37,10
DA:40,5
DA:42,5
DA:43,5
DA:44,10
DA:52,5
DA:54,5
DA:55,5
DA:56,15
DA:59,5
DA:60,10
DA:61,2
DA:63,10
LF:27
LH:27
end_of_record
SF:/c/Users/admba/Downloads/a199-flutter-expert-project-main/ditonton/features/tv/lib/domain/entities/tv.dart
DA:4,15
DA:18,2
DA:39,9
DA:40,9
DA:41,9
DA:42,9
DA:43,9
DA:44,9
DA:45,9
DA:46,9
DA:47,9
DA:48,9
DA:49,9
DA:50,9
DA:51,9
DA:52,9
DA:53,9
LF:17
LH:17
end_of_record
SF:/c/Users/admba/Downloads/a199-flutter-expert-project-main/ditonton/features/tv/lib/domain/entities/tv_detail.dart
DA:5,9
DA:51,3
DA:52,3
DA:53,3
DA:54,3
DA:55,3
DA:56,3
DA:57,3
DA:58,3
DA:59,3
DA:60,3
DA:61,3
DA:62,3
DA:63,3
DA:64,3
DA:65,3
DA:66,3
DA:67,3
DA:68,3
DA:69,3
DA:70,3
DA:71,3
DA:72,3
DA:73,3
LF:24
LH:24
end_of_record
SF:/c/Users/admba/Downloads/a199-flutter-expert-project-main/ditonton/features/tv/lib/data/models/tv_detail_model.dart
DA:6,3
DA:52,2
DA:53,2
DA:54,2
DA:55,2
DA:56,8
DA:57,2
DA:58,2
DA:59,8
DA:61,2
DA:62,8
DA:63,2
DA:64,2
DA:65,2
DA:66,2
DA:67,8
DA:68,2
DA:69,2
DA:70,2
DA:71,4
DA:72,2
DA:73,2
DA:74,2
DA:75,4
DA:76,2
DA:79,2
DA:80,1
DA:81,1
DA:82,4
DA:83,1
DA:84,5
DA:85,1
DA:86,4
DA:87,1
DA:88,1
DA:89,1
DA:90,1
DA:91,4
DA:92,1
DA:93,1
DA:94,1
DA:95,1
DA:96,1
DA:97,1
DA:98,1
DA:99,1
DA:100,1
DA:103,2
DA:104,2
DA:105,2
DA:106,2
DA:107,2
DA:108,2
DA:109,10
DA:110,2
DA:111,2
DA:112,2
DA:113,2
DA:114,2
DA:115,2
DA:116,2
DA:117,2
DA:118,2
DA:119,2
DA:120,2
DA:121,2
DA:122,2
DA:123,2
DA:124,2
DA:125,2
DA:129,2
DA:131,2
DA:132,2
DA:133,2
DA:134,2
DA:135,2
DA:136,2
DA:137,2
DA:138,2
DA:139,2
DA:140,2
DA:141,2
DA:142,2
DA:143,2
DA:144,2
DA:145,2
DA:146,2
DA:147,2
DA:148,2
DA:149,2
DA:150,2
DA:151,2
DA:152,2
LF:93
LH:93
end_of_record
SF:/c/Users/admba/Downloads/a199-flutter-expert-project-main/ditonton/features/tv/lib/data/datasources/tv_remote_data_source.dart
DA:21,1
DA:23,1
DA:25,2
DA:26,1
DA:29,2
DA:30,4
DA:32,1
DA:36,1
DA:38,4
DA:40,2
DA:41,3
DA:43,1
DA:47,1
DA:49,2
DA:50,2
DA:53,2
DA:54,4
DA:56,1
DA:60,1
DA:62,2
DA:63,1
DA:66,2
DA:67,4
DA:69,1
DA:73,1
DA:75,2
DA:76,1
DA:79,2
DA:80,4
DA:82,1
DA:86,1
DA:88,2
DA:89,2
DA:92,2
DA:93,4
DA:95,1
LF:36
LH:36
end_of_record
SF:/c/Users/admba/Downloads/a199-flutter-expert-project-main/ditonton/features/tv/lib/data/datasources/tv_local_data_source.dart
DA:14,1
DA:16,1
DA:19,2
DA:22,2
DA:26,1
DA:29,2
DA:32,2
DA:36,1
DA:38,2
DA:40,1
DA:46,1
DA:48,2
DA:49,4
LF:13
LH:13
end_of_record
SF:/c/Users/admba/Downloads/a199-flutter-expert-project-main/ditonton/features/tv/lib/data/models/tv_table.dart
DA:11,3
DA:18,0
DA:24,0
DA:25,0
DA:26,0
DA:27,0
DA:28,0
DA:32,4
DA:33,2
DA:34,2
DA:35,2
DA:36,2
DA:39,2
DA:40,1
DA:41,1
DA:42,1
DA:43,1
DA:46,2
DA:47,1
DA:48,1
DA:49,1
DA:50,1
DA:53,4
DA:54,2
DA:55,2
DA:56,2
DA:57,2
DA:60,3
DA:62,15
LF:29
LH:23
end_of_record
SF:/c/Users/admba/Downloads/a199-flutter-expert-project-main/ditonton/features/tv/lib/data/models/tv_model.dart
DA:5,4
DA:31,4
DA:32,2
DA:33,2
DA:34,8
DA:35,2
DA:36,2
DA:37,2
DA:38,4
DA:39,2
DA:40,2
DA:41,4
DA:42,2
DA:45,4
DA:46,2
DA:47,2
DA:48,8
DA:49,2
DA:50,2
DA:51,2
DA:52,2
DA:53,2
DA:54,2
DA:55,2
DA:56,2
DA:59,2
DA:60,2
DA:61,2
DA:62,2
DA:63,2
DA:64,2
DA:65,2
DA:66,2
DA:67,2
DA:68,2
DA:69,2
DA:70,2
DA:71,2
DA:75,2
DA:76,2
DA:77,2
DA:78,2
DA:79,2
DA:80,2
DA:81,2
DA:82,2
DA:83,2
DA:84,2
DA:85,2
DA:86,2
DA:87,2
LF:51
LH:51
end_of_record
SF:/c/Users/admba/Downloads/a199-flutter-expert-project-main/ditonton/features/tv/lib/data/models/tv_response.dart
DA:7,2
DA:9,4
DA:10,2
DA:11,2
DA:12,6
DA:13,6
DA:17,2
DA:18,5
DA:21,1
DA:22,2
LF:10
LH:10
end_of_record
SF:/c/Users/admba/Downloads/a199-flutter-expert-project-main/ditonton/features/tv/lib/data/repositories/tv_repository_impl.dart
DA:16,1
DA:21,1
DA:24,2
DA:25,5
DA:26,1
DA:27,2
DA:28,1
DA:29,2
DA:33,1
DA:36,2
DA:37,2
DA:38,1
DA:39,2
DA:40,1
DA:41,2
DA:45,1
DA:48,2
DA:49,3
DA:50,1
DA:51,2
DA:52,1
DA:53,2
DA:57,1
DA:60,2
DA:61,5
DA:62,1
DA:63,2
DA:64,1
DA:65,2
DA:69,1
DA:72,2
DA:73,5
DA:74,1
DA:75,2
DA:76,1
DA:77,2
DA:81,1
DA:84,2
DA:85,5
DA:86,1
DA:87,2
DA:88,1
DA:89,2
DA:93,1
DA:96,2
DA:97,1
DA:99,1
DA:100,1
DA:101,3
DA:107,1
DA:110,2
DA:111,1
DA:113,1
DA:114,1
DA:115,3
DA:119,1
DA:121,2
DA:125,1
DA:127,2
DA:128,5
LF:60
LH:60
end_of_record
SF:/c/Users/admba/Downloads/a199-flutter-expert-project-main/ditonton/features/tv/lib/domain/usecases/get_on_the_air_tv.dart
DA:9,1
DA:11,1
DA:12,2
LF:3
LH:3
end_of_record
SF:/c/Users/admba/Downloads/a199-flutter-expert-project-main/ditonton/features/tv/lib/domain/usecases/get_popular_tv.dart
DA:9,1
DA:11,1
DA:12,2
LF:3
LH:3
end_of_record
SF:/c/Users/admba/Downloads/a199-flutter-expert-project-main/ditonton/features/tv/lib/domain/usecases/get_top_rated_tv.dart
DA:9,1
DA:11,1
DA:12,2
LF:3
LH:3
end_of_record
SF:/c/Users/admba/Downloads/a199-flutter-expert-project-main/ditonton/features/tv/lib/domain/usecases/get_tv_detail.dart
DA:9,1
DA:11,1
DA:12,2
LF:3
LH:3
end_of_record
SF:/c/Users/admba/Downloads/a199-flutter-expert-project-main/ditonton/features/tv/lib/domain/usecases/get_tv_recommendations.dart
DA:9,1
DA:11,1
DA:12,2
LF:3
LH:3
end_of_record
SF:/c/Users/admba/Downloads/a199-flutter-expert-project-main/ditonton/features/tv/lib/domain/usecases/get_watchlist_status_tv.dart
DA:6,1
DA:8,1
DA:9,2
LF:3
LH:3
end_of_record
SF:/c/Users/admba/Downloads/a199-flutter-expert-project-main/ditonton/features/tv/lib/domain/usecases/get_watchlist_tv.dart
DA:9,1
DA:11,1
DA:12,2
LF:3
LH:3
end_of_record
SF:/c/Users/admba/Downloads/a199-flutter-expert-project-main/ditonton/features/tv/lib/domain/usecases/remove_watchlist_tv.dart
DA:9,1
DA:11,1
DA:12,2
LF:3
LH:3
end_of_record
SF:/c/Users/admba/Downloads/a199-flutter-expert-project-main/ditonton/features/tv/lib/domain/usecases/save_watchlist_tv.dart
DA:9,1
DA:11,1
DA:12,2
LF:3
LH:3
end_of_record
SF:/c/Users/admba/Downloads/a199-flutter-expert-project-main/ditonton/features/tv/lib/domain/usecases/search_tv.dart
DA:9,1
DA:11,1
DA:12,2
LF:3
LH:3
end_of_record
SF:/c/Users/admba/Downloads/a199-flutter-expert-project-main/ditonton/features/tv/lib/presentation/bloc/on_the_air_tv/on_the_air_tv_bloc.dart
DA:7,2
DA:8,2
DA:9,1
DA:10,2
DA:12,1
DA:13,1
DA:14,3
DA:16,1
DA:17,2
LF:9
LH:9
end_of_record
SF:/c/Users/admba/Downloads/a199-flutter-expert-project-main/ditonton/features/tv/lib/presentation/bloc/on_the_air_tv/on_the_air_tv_event.dart
DA:4,30
DA:6,0
DA:7,0
DA:11,30
DA:13,0
DA:14,0
LF:6
LH:2
end_of_record
SF:/c/Users/admba/Downloads/a199-flutter-expert-project-main/ditonton/features/tv/lib/presentation/bloc/on_the_air_tv/on_the_air_tv_state.dart
DA:5,31
DA:7,1
DA:8,1
DA:12,30
DA:16,30
DA:22,1
DA:24,1
DA:25,2
DA:31,2
DA:33,1
DA:34,2
LF:11
LH:11
end_of_record
SF:/c/Users/admba/Downloads/a199-flutter-expert-project-main/ditonton/features/tv/lib/presentation/bloc/popular_tv/popular_tv_bloc.dart
DA:7,2
DA:8,2
DA:9,1
DA:10,2
DA:12,1
DA:13,1
DA:14,3
DA:16,1
DA:17,2
LF:9
LH:9
end_of_record
SF:/c/Users/admba/Downloads/a199-flutter-expert-project-main/ditonton/features/tv/lib/presentation/bloc/popular_tv/popular_tv_event.dart
DA:4,59
DA:6,0
DA:7,0
DA:11,59
DA:13,0
DA:14,0
LF:6
LH:2
end_of_record
SF:/c/Users/admba/Downloads/a199-flutter-expert-project-main/ditonton/features/tv/lib/presentation/bloc/popular_tv/popular_tv_state.dart
DA:5,33
DA:7,1
DA:8,1
DA:12,30
DA:16,31
DA:22,2
DA:24,1
DA:25,2
DA:31,3
DA:33,1
DA:34,2
LF:11
LH:11
end_of_record
SF:/c/Users/admba/Downloads/a199-flutter-expert-project-main/ditonton/features/tv/lib/presentation/bloc/search_tv/search_tv_bloc.dart
DA:8,2
DA:9,2
DA:10,1
DA:12,1
DA:13,1
DA:17,1
DA:18,2
DA:20,1
DA:21,1
DA:22,3
DA:24,1
DA:25,2
DA:28,1
DA:31,1
DA:32,3
LF:15
LH:15
end_of_record
SF:/c/Users/admba/Downloads/a199-flutter-expert-project-main/ditonton/features/tv/lib/presentation/bloc/search_tv/search_tv_event.dart
DA:4,4
DA:6,0
DA:7,0
DA:13,4
DA:15,1
DA:16,2
LF:6
LH:4
end_of_record
SF:/c/Users/admba/Downloads/a199-flutter-expert-project-main/ditonton/features/tv/lib/presentation/bloc/search_tv/search_tv_state.dart
DA:5,34
DA:7,1
DA:8,1
DA:12,32
DA:16,32
DA:22,2
DA:24,1
DA:25,2
DA:31,4
DA:33,1
DA:34,2
LF:11
LH:11
end_of_record
SF:/c/Users/admba/Downloads/a199-flutter-expert-project-main/ditonton/features/tv/lib/presentation/bloc/top_rated_tv/top_rated_tv_bloc.dart
DA:7,2
DA:8,2
DA:9,1
DA:10,2
DA:12,1
DA:13,1
DA:14,3
DA:16,1
DA:17,2
LF:9
LH:9
end_of_record
SF:/c/Users/admba/Downloads/a199-flutter-expert-project-main/ditonton/features/tv/lib/presentation/bloc/top_rated_tv/top_rated_tv_event.dart
DA:4,59
DA:6,0
DA:7,0
DA:11,59
DA:13,0
DA:14,0
LF:6
LH:2
end_of_record
SF:/c/Users/admba/Downloads/a199-flutter-expert-project-main/ditonton/features/tv/lib/presentation/bloc/top_rated_tv/top_rated_tv_state.dart
DA:5,33
DA:7,1
DA:8,1
DA:12,30
DA:16,31
DA:22,2
DA:24,1
DA:25,2
DA:31,3
DA:33,1
DA:34,2
LF:11
LH:11
end_of_record
SF:/c/Users/admba/Downloads/a199-flutter-expert-project-main/ditonton/features/tv/lib/presentation/bloc/tv_detail/tv_detail_bloc.dart
DA:8,1
DA:13,1
DA:14,2
DA:15,1
DA:17,3
DA:22,1
DA:23,1
DA:24,1
DA:26,1
DA:32,2
DA:36,1
DA:37,2
DA:38,1
DA:41,3
DA:46,2
DA:48,0
LF:16
LH:15
end_of_record
SF:/c/Users/admba/Downloads/a199-flutter-expert-project-main/ditonton/features/tv/lib/presentation/bloc/tv_detail/tv_detail_event.dart
DA:4,2
DA:6,0
DA:7,0
DA:13,2
DA:15,0
DA:16,0
DA:22,0
DA:24,0
DA:25,0
LF:9
LH:2
end_of_record
SF:/c/Users/admba/Downloads/a199-flutter-expert-project-main/ditonton/features/tv/lib/presentation/bloc/tv_detail/tv_detail_state.dart
DA:5,33
DA:7,1
DA:8,1
DA:12,30
DA:16,31
DA:23,2
DA:25,1
DA:26,3
DA:32,32
DA:34,1
DA:35,2
LF:11
LH:11
end_of_record
SF:/c/Users/admba/Downloads/a199-flutter-expert-project-main/ditonton/features/tv/lib/presentation/bloc/watchlist_tv/watchlist_tv_bloc.dart
DA:14,1
DA:23,1
DA:25,2
DA:26,1
DA:27,2
DA:29,1
DA:30,1
DA:31,3
DA:33,1
DA:34,2
DA:40,2
DA:41,1
DA:42,2
DA:43,2
DA:47,2
DA:48,1
DA:49,2
DA:51,1
DA:52,1
DA:53,1
DA:54,2
DA:57,1
DA:58,1
DA:64,2
DA:65,1
DA:66,2
DA:68,1
DA:69,1
DA:70,1
DA:71,2
DA:74,1
DA:75,1
LF:32
LH:32
end_of_record
SF:/c/Users/admba/Downloads/a199-flutter-expert-project-main/ditonton/features/tv/lib/presentation/bloc/watchlist_tv/watchlist_tv_event.dart
DA:5,32
DA:7,0
DA:8,0
DA:12,30
DA:14,0
DA:15,0
DA:21,2
DA:23,0
DA:24,0
DA:30,1
DA:32,0
DA:33,0
DA:39,1
DA:41,0
DA:42,0
LF:15
LH:5
end_of_record
SF:/c/Users/admba/Downloads/a199-flutter-expert-project-main/ditonton/features/tv/lib/presentation/bloc/watchlist_tv/watchlist_tv_state.dart
DA:5,34
DA:7,1
DA:8,1
DA:12,32
DA:16,31
DA:22,2
DA:24,1
DA:25,2
DA:31,3
DA:33,1
DA:34,2
DA:40,3
DA:42,1
DA:43,2
DA:49,30
DA:51,1
DA:52,2
LF:17
LH:17
end_of_record
SF:/c/Users/admba/Downloads/a199-flutter-expert-project-main/ditonton/features/tv/lib/presentation/pages/home_tv_page.dart
DA:9,0
DA:11,0
DA:12,0
DA:16,0
DA:18,0
DA:19,0
DA:20,0
DA:21,0
DA:22,0
DA:26,0
DA:28,0
DA:29,0
DA:30,0
DA:31,0
DA:32,0
DA:34,0
DA:35,0
DA:37,0
DA:41,0
DA:43,0
DA:44,0
DA:46,0
DA:47,0
DA:48,0
DA:49,0
DA:50,0
DA:52,0
DA:53,0
DA:54,0
DA:55,0
DA:61,0
DA:64,0
DA:65,0
DA:68,0
DA:69,0
DA:70,0
DA:72,0
DA:73,0
DA:74,0
DA:75,0
DA:81,0
DA:84,0
DA:85,0
DA:88,0
DA:89,0
DA:90,0
DA:92,0
DA:93,0
DA:94,0
DA:95,0
DA:108,0
DA:113,0
DA:115,0
DA:116,0
DA:117,0
DA:120,0
DA:122,0
DA:123,0
DA:135,0
DA:137,0
DA:139,0
DA:141,0
DA:143,0
DA:144,0
DA:145,0
DA:147,0
DA:148,0
DA:149,0
DA:152,0
DA:155,0
DA:156,0
DA:157,0
DA:158,0
DA:160,0
DA:161,0
DA:162,0
DA:168,0
LF:77
LH:0
end_of_record
SF:/c/Users/admba/Downloads/a199-flutter-expert-project-main/ditonton/features/tv/lib/presentation/pages/popular_tv_page.dart
DA:8,1
DA:10,1
DA:11,1
DA:15,1
DA:17,1
DA:18,2
DA:19,0
DA:23,1
DA:25,1
DA:26,2
DA:27,1
DA:29,1
DA:30,1
DA:31,1
DA:33,1
DA:34,1
DA:35,1
DA:36,2
DA:37,1
DA:39,2
DA:41,1
DA:42,1
DA:44,2
LF:23
LH:22
end_of_record
SF:/c/Users/admba/Downloads/a199-flutter-expert-project-main/ditonton/features/tv/lib/presentation/pages/top_rated_tv_page.dart
DA:8,1
DA:10,1
DA:11,1
DA:15,1
DA:17,1
DA:18,1
DA:19,4
DA:23,1
DA:25,1
DA:26,2
DA:27,1
DA:29,1
DA:30,1
DA:31,1
DA:33,1
DA:34,1
DA:35,1
DA:36,2
DA:37,1
DA:39,2
DA:41,1
DA:42,1
DA:44,2
LF:23
LH:23
end_of_record
SF:/c/Users/admba/Downloads/a199-flutter-expert-project-main/ditonton/features/tv/lib/presentation/pages/tv_detail_page.dart
DA:12,1
DA:14,1
DA:15,1
DA:19,1
DA:21,1
DA:22,2
DA:24,6
DA:26,6
DA:30,1
DA:32,1
DA:33,1
DA:34,0
DA:36,0
DA:37,0
DA:39,0
DA:40,0
DA:41,0
DA:43,0
DA:44,0
DA:49,1
DA:51,1
DA:52,1
DA:53,1
DA:55,1
DA:56,1
DA:57,1
DA:61,1
DA:62,1
DA:65,0
DA:67,0
DA:71,1
DA:72,1
DA:74,1
DA:75,3
DA:93,1
DA:100,1
DA:102,3
DA:103,1
DA:104,1
DA:105,1
DA:106,3
DA:109,1
DA:111,0
DA:113,1
DA:115,1
DA:116,1
DA:117,1
DA:126,1
DA:128,1
DA:130,1
DA:131,1
DA:132,1
DA:136,1
DA:137,1
DA:138,1
DA:142,4
DA:144,1
DA:145,5
DA:146,2
DA:147,1
DA:154,1
DA:155,1
DA:156,1
DA:157,1
DA:158,2
DA:164,1
DA:165,1
DA:166,2
DA:172,2
DA:173,0
DA:183,1
DA:184,1
DA:191,1
DA:192,3
DA:202,1
DA:203,3
DA:209,1
DA:210,1
DA:217,1
DA:218,4
DA:224,1
DA:225,1
DA:232,1
DA:233,4
DA:239,1
DA:240,1
DA:247,1
DA:248,4
DA:254,1
DA:255,1
DA:262,1
DA:263,3
DA:273,1
DA:274,3
DA:280,1
DA:281,4
DA:285,1
DA:286,1
DA:287,1
DA:288,3
DA:291,1
DA:298,1
DA:299,5
DA:305,1
DA:306,0
DA:307,0
DA:308,0
DA:309,0
DA:312,0
DA:313,0
DA:318,1
DA:320,1
DA:321,1
DA:330,2
DA:332,1
DA:333,2
DA:337,1
DA:338,3
DA:342,2
DA:345,2
DA:347,1
DA:349,1
DA:351,2
DA:352,1
DA:353,2
DA:354,1
DA:356,1
DA:357,0
DA:359,0
DA:362,0
DA:365,1
DA:369,1
DA:371,2
DA:375,1
DA:380,0
DA:397,1
DA:400,1
DA:403,1
DA:405,0
DA:406,0
DA:415,1
DA:416,4
DA:419,1
DA:420,1
DA:422,2
DA:423,1
DA:424,1
DA:425,1
DA:426,1
DA:428,1
LF:150
LH:126
end_of_record
SF:/c/Users/admba/Downloads/a199-flutter-expert-project-main/ditonton/features/tv/lib/presentation/pages/tv_search_page.dart
DA:9,2
DA:11,1
DA:13,1
DA:14,2
DA:15,1
DA:17,1
DA:19,1
DA:20,1
DA:21,1
DA:22,3
DA:24,1
DA:26,1
DA:27,1
DA:31,1
DA:32,2
DA:33,1
DA:34,1
DA:35,1
DA:37,1
DA:38,1
DA:39,1
DA:40,1
DA:42,1
DA:43,1
DA:44,1
DA:46,1
DA:49,1
DA:50,4
LF:28
LH:28
end_of_record
SF:/c/Users/admba/Downloads/a199-flutter-expert-project-main/ditonton/features/tv/lib/presentation/pages/watchlist_tv_page.dart
DA:9,1
DA:11,1
DA:12,1
DA:16,1
DA:18,1
DA:19,2
DA:20,3
DA:24,1
DA:26,1
DA:27,2
DA:28,1
DA:30,1
DA:31,1
DA:32,1
DA:34,1
DA:35,1
DA:36,1
DA:37,2
DA:38,1
DA:40,2
DA:42,1
DA:43,1
DA:45,2
DA:58,1
DA:60,2
DA:61,1
LF:26
LH:26
end_of_record
SF:/c/Users/admba/Downloads/a199-flutter-expert-project-main/ditonton/features/tv/lib/presentation/widgets/tv_card_list.dart
DA:9,5
DA:11,5
DA:13,5
DA:15,5
DA:16,1
DA:17,1
DA:20,2
DA:23,5
DA:25,5
DA:26,5
DA:27,5
DA:33,5
DA:35,5
DA:36,5
DA:37,10
DA:40,5
DA:42,5
DA:43,5
DA:44,10
DA:52,5
DA:54,5
DA:55,5
DA:56,15
DA:59,5
DA:60,10
DA:61,2
DA:63,10
LF:27
LH:27
end_of_record
