SF:lib\data\models\movie_detail_model.dart
DA:6,3
DA:52,2
DA:53,2
DA:54,2
DA:55,2
DA:56,2
DA:57,2
DA:58,8
DA:60,2
DA:61,2
DA:62,2
DA:63,2
DA:64,2
DA:65,2
DA:66,4
DA:67,2
DA:68,2
DA:69,2
DA:70,2
DA:71,2
DA:72,2
DA:73,2
DA:74,2
DA:75,4
DA:76,2
DA:79,2
DA:80,1
DA:81,1
DA:82,1
DA:83,5
DA:84,1
DA:85,1
DA:86,1
DA:87,1
DA:88,1
DA:89,1
DA:90,1
DA:91,1
DA:92,1
DA:93,1
DA:94,1
DA:95,1
DA:96,1
DA:97,1
DA:98,1
DA:99,1
DA:100,1
DA:103,2
DA:104,2
DA:105,2
DA:106,2
DA:107,10
DA:108,2
DA:109,2
DA:110,2
DA:111,2
DA:112,2
DA:113,2
DA:114,2
DA:115,2
DA:116,2
DA:120,2
DA:122,2
DA:123,2
DA:124,2
DA:125,2
DA:126,2
DA:127,2
DA:128,2
DA:129,2
DA:130,2
DA:131,2
DA:132,2
DA:133,2
DA:134,2
DA:135,2
DA:136,2
DA:137,2
DA:138,2
DA:139,2
DA:140,2
DA:141,2
DA:142,2
DA:143,2
LF:84
LH:84
end_of_record
SF:lib\presentation\bloc\movie_detail\movie_detail_state.dart
DA:7,33
DA:9,1
DA:10,1
DA:15,30
DA:19,31
DA:27,2
DA:29,1
DA:30,3
DA:36,32
DA:38,1
DA:39,2
LF:11
LH:11
end_of_record
SF:lib\presentation\bloc\now_playing_movies\now_playing_movies_state.dart
DA:5,31
DA:7,1
DA:8,1
DA:12,30
DA:16,30
DA:22,1
DA:24,1
DA:25,2
DA:31,2
DA:33,1
DA:34,2
LF:11
LH:11
end_of_record
SF:lib\presentation\bloc\popular_movies\popular_movies_state.dart
DA:6,33
DA:8,1
DA:9,1
DA:13,30
DA:17,31
DA:23,2
DA:25,1
DA:26,2
DA:32,3
DA:34,1
DA:35,2
LF:11
LH:11
end_of_record
SF:lib\presentation\bloc\top_rated_movies\top_rated_movies_state.dart
DA:5,33
DA:7,1
DA:8,1
DA:12,30
DA:16,31
DA:22,2
DA:24,1
DA:25,2
DA:31,3
DA:33,1
DA:34,2
LF:11
LH:11
end_of_record
SF:lib\presentation\bloc\search_movies\search_movies_state.dart
DA:5,34
DA:7,1
DA:8,1
DA:12,32
DA:16,32
DA:22,2
DA:24,1
DA:25,2
DA:31,4
DA:33,1
DA:34,2
LF:11
LH:11
end_of_record
SF:lib\presentation\bloc\watchlist_movies\watchlist_movies_state.dart
DA:6,34
DA:8,1
DA:9,1
DA:14,32
DA:18,31
DA:24,2
DA:26,1
DA:27,2
DA:33,3
DA:35,1
DA:36,2
DA:43,3
DA:45,1
DA:46,2
DA:53,30
DA:55,1
DA:56,2
LF:17
LH:17
end_of_record
SF:lib\data\datasources\movie_remote_data_source.dart
DA:22,1
DA:24,1
DA:26,2
DA:27,1
DA:30,2
DA:31,4
DA:33,1
DA:37,1
DA:39,2
DA:40,2
DA:43,2
DA:44,3
DA:46,1
DA:50,1
DA:52,2
DA:53,2
DA:56,2
DA:57,4
DA:59,1
DA:63,1
DA:65,2
DA:66,1
DA:69,2
DA:70,4
DA:72,1
DA:76,1
DA:78,2
DA:79,1
DA:82,2
DA:83,4
DA:85,1
DA:89,1
DA:91,2
DA:92,2
DA:95,2
DA:96,4
DA:98,1
LF:37
LH:37
end_of_record
SF:lib\data\datasources\movie_local_data_source.dart
DA:14,1
DA:16,1
DA:19,2
DA:22,2
DA:26,1
DA:29,2
DA:32,2
DA:36,1
DA:38,2
DA:40,1
DA:46,1
DA:48,2
DA:49,4
LF:13
LH:13
end_of_record
SF:lib\presentation\bloc\movie_detail\movie_detail_bloc.dart
DA:9,1
DA:14,1
DA:15,2
DA:16,1
DA:18,3
DA:23,1
DA:24,1
DA:25,1
DA:27,1
DA:34,2
DA:40,1
DA:41,2
DA:42,1
DA:45,1
DA:46,1
DA:53,1
DA:60,2
DA:64,0
LF:18
LH:17
end_of_record
SF:lib\presentation\bloc\now_playing_movies\now_playing_movies_bloc.dart
DA:8,1
DA:9,1
DA:10,2
DA:11,1
DA:12,2
DA:14,1
DA:15,1
DA:16,3
DA:18,1
DA:19,2
LF:10
LH:10
end_of_record
SF:lib\presentation\bloc\popular_movies\popular_movies_bloc.dart
DA:7,1
DA:8,1
DA:9,2
DA:10,1
DA:11,2
DA:13,1
DA:14,1
DA:15,3
DA:17,1
DA:18,2
LF:10
LH:10
end_of_record
SF:lib\presentation\bloc\top_rated_movies\top_rated_movies_bloc.dart
DA:8,1
DA:9,1
DA:10,2
DA:11,1
DA:12,2
DA:14,1
DA:15,1
DA:16,3
DA:18,1
DA:19,2
LF:10
LH:10
end_of_record
SF:lib\presentation\bloc\search_movies\search_movies_bloc.dart
DA:9,2
DA:10,1
DA:11,1
DA:12,1
DA:14,1
DA:15,1
DA:21,1
DA:22,2
DA:24,1
DA:25,1
DA:26,3
DA:28,1
DA:29,2
DA:33,1
DA:39,1
DA:40,3
LF:16
LH:16
end_of_record
SF:lib\presentation\bloc\watchlist_movies\watchlist_movies_bloc.dart
DA:15,1
DA:24,1
DA:26,2
DA:27,1
DA:28,2
DA:30,1
DA:31,1
DA:32,3
DA:34,1
DA:35,2
DA:41,2
DA:42,1
DA:43,2
DA:44,2
DA:48,2
DA:49,1
DA:50,2
DA:52,1
DA:53,1
DA:54,1
DA:55,2
DA:58,1
DA:59,1
DA:65,2
DA:66,1
DA:67,2
DA:69,1
DA:70,1
DA:71,1
DA:72,2
DA:75,1
DA:76,1
LF:32
LH:32
end_of_record
SF:lib\data\models\movie_model.dart
DA:5,4
DA:35,4
DA:36,2
DA:37,2
DA:38,8
DA:39,2
DA:40,2
DA:41,2
DA:42,4
DA:43,2
DA:44,2
DA:45,2
DA:46,2
DA:47,4
DA:48,2
DA:51,2
DA:52,1
DA:53,1
DA:54,4
DA:55,1
DA:56,1
DA:57,1
DA:58,1
DA:59,1
DA:60,1
DA:61,1
DA:62,1
DA:63,1
DA:64,1
DA:67,2
DA:68,2
DA:69,2
DA:70,2
DA:71,2
DA:72,2
DA:73,2
DA:74,2
DA:75,2
DA:76,2
DA:77,2
DA:78,2
DA:79,2
DA:80,2
DA:81,2
DA:85,2
DA:86,2
DA:87,2
DA:88,2
DA:89,2
DA:90,2
DA:91,2
DA:92,2
DA:93,2
DA:94,2
DA:95,2
DA:96,2
DA:97,2
DA:98,2
DA:99,2
LF:59
LH:59
end_of_record
SF:lib\domain\entities\movie.dart
DA:4,15
DA:20,2
DA:41,9
DA:42,9
DA:43,9
DA:44,9
DA:45,9
DA:46,9
DA:47,9
DA:48,9
DA:49,9
DA:50,9
DA:51,9
DA:52,9
DA:53,9
DA:54,9
DA:55,9
LF:17
LH:17
end_of_record
SF:lib\data\models\movie_response.dart
DA:7,2
DA:9,4
DA:10,2
DA:11,2
DA:12,6
DA:13,6
DA:17,2
DA:18,5
DA:21,1
DA:22,2
LF:10
LH:10
end_of_record
SF:lib\data\models\movie_table.dart
DA:10,3
DA:17,0
DA:23,0
DA:24,0
DA:25,0
DA:26,0
DA:27,0
DA:31,4
DA:32,2
DA:33,2
DA:34,2
DA:35,2
DA:38,2
DA:39,1
DA:40,1
DA:41,1
DA:42,1
DA:45,2
DA:46,1
DA:47,1
DA:48,1
DA:49,1
DA:52,4
DA:53,2
DA:54,2
DA:55,2
DA:56,2
DA:59,3
DA:61,15
LF:29
LH:23
end_of_record
SF:lib\data\repositories\movie_repository_impl.dart
DA:11,1
DA:16,1
DA:19,2
DA:20,5
DA:21,1
DA:22,2
DA:23,1
DA:24,2
DA:28,1
DA:31,2
DA:32,2
DA:33,1
DA:34,2
DA:35,1
DA:36,2
DA:40,1
DA:43,2
DA:44,3
DA:45,1
DA:46,2
DA:47,1
DA:48,2
DA:52,1
DA:55,2
DA:56,5
DA:57,1
DA:58,2
DA:59,1
DA:60,2
DA:64,1
DA:67,2
DA:68,5
DA:69,1
DA:70,2
DA:71,1
DA:72,2
DA:76,1
DA:79,2
DA:80,5
DA:81,1
DA:82,2
DA:83,1
DA:84,2
DA:88,1
DA:91,2
DA:92,1
DA:94,1
DA:95,1
DA:96,3
DA:102,1
DA:105,2
DA:106,1
DA:108,1
DA:109,1
DA:110,3
DA:114,1
DA:116,2
DA:120,1
DA:122,2
DA:123,5
LF:60
LH:60
end_of_record
SF:lib\domain\entities\movie_detail.dart
DA:5,9
DA:33,3
DA:34,3
DA:35,3
DA:36,3
DA:37,3
DA:38,3
DA:39,3
DA:40,3
DA:41,3
DA:42,3
DA:43,3
DA:44,3
DA:45,3
LF:14
LH:14
end_of_record
SF:lib\domain\usecases\get_movie_detail.dart
DA:8,1
DA:10,1
DA:11,2
LF:3
LH:3
end_of_record
SF:lib\domain\usecases\get_movie_recommendations.dart
DA:8,1
DA:10,1
DA:11,2
LF:3
LH:3
end_of_record
SF:lib\domain\usecases\get_now_playing_movies.dart
DA:8,1
DA:10,1
DA:11,2
LF:3
LH:3
end_of_record
SF:lib\domain\usecases\get_popular_movies.dart
DA:8,1
DA:10,1
DA:11,2
LF:3
LH:3
end_of_record
SF:lib\domain\usecases\get_top_rated_movies.dart
DA:8,1
DA:10,1
DA:11,2
LF:3
LH:3
end_of_record
SF:lib\domain\usecases\get_watchlist_movies.dart
DA:8,1
DA:10,1
DA:11,2
LF:3
LH:3
end_of_record
SF:lib\domain\usecases\get_watchlist_status.dart
DA:6,1
DA:8,1
DA:9,2
LF:3
LH:3
end_of_record
SF:lib\domain\usecases\remove_watchlist.dart
DA:8,1
DA:10,1
DA:11,2
LF:3
LH:3
end_of_record
SF:lib\domain\usecases\save_watchlist.dart
DA:8,1
DA:10,1
DA:11,2
LF:3
LH:3
end_of_record
SF:lib\domain\usecases\search_movies.dart
DA:8,1
DA:10,1
DA:11,2
LF:3
LH:3
end_of_record
SF:lib\presentation\bloc\movie_detail\movie_detail_event.dart
DA:5,2
DA:7,0
DA:8,0
DA:14,2
DA:16,0
DA:17,0
DA:23,0
DA:25,0
DA:26,0
LF:9
LH:2
end_of_record
SF:lib\presentation\bloc\now_playing_movies\now_playing_movies_event.dart
DA:4,30
DA:6,0
DA:7,0
DA:11,30
DA:13,0
DA:14,0
LF:6
LH:2
end_of_record
SF:lib\presentation\bloc\popular_movies\popular_movies_event.dart
DA:5,59
DA:7,0
DA:8,0
DA:12,59
DA:14,0
DA:15,0
LF:6
LH:2
end_of_record
SF:lib\presentation\bloc\search_movies\search_movies_event.dart
DA:4,4
DA:6,0
DA:7,0
DA:13,4
DA:15,1
DA:16,2
LF:6
LH:4
end_of_record
SF:lib\presentation\bloc\top_rated_movies\top_rated_movies_event.dart
DA:4,59
DA:6,0
DA:7,0
DA:11,59
DA:13,0
DA:14,0
LF:6
LH:2
end_of_record
SF:lib\presentation\bloc\watchlist_movies\watchlist_movies_event.dart
DA:5,32
DA:7,0
DA:8,0
DA:12,30
DA:14,0
DA:15,0
DA:22,2
DA:24,0
DA:25,0
DA:32,1
DA:34,0
DA:35,0
DA:42,1
DA:44,0
DA:45,0
LF:15
LH:5
end_of_record
SF:lib\presentation\pages\home_movie_page.dart
DA:10,0
DA:12,0
DA:13,0
DA:17,0
DA:19,0
DA:20,0
DA:21,0
DA:22,0
DA:23,0
DA:27,0
DA:29,0
DA:30,0
DA:31,0
DA:32,0
DA:33,0
DA:34,0
DA:35,0
DA:36,0
DA:38,0
DA:39,0
DA:40,0
DA:42,0
DA:43,0
DA:44,0
DA:45,0
DA:46,0
DA:49,0
DA:50,0
DA:51,0
DA:52,0
DA:53,0
DA:56,0
DA:57,0
DA:58,0
DA:59,0
DA:60,0
DA:63,0
DA:64,0
DA:65,0
DA:66,0
DA:67,0
DA:70,0
DA:71,0
DA:72,0
DA:74,0
DA:75,0
DA:80,0
DA:81,0
DA:82,0
DA:83,0
DA:85,0
DA:86,0
DA:88,0
DA:92,0
DA:94,0
DA:95,0
DA:97,0
DA:98,0
DA:99,0
DA:100,0
DA:101,0
DA:103,0
DA:104,0
DA:105,0
DA:106,0
DA:107,0
DA:113,0
DA:115,0
DA:122,0
DA:123,0
DA:124,0
DA:126,0
DA:127,0
DA:128,0
DA:129,0
DA:130,0
DA:136,0
DA:138,0
DA:145,0
DA:146,0
DA:147,0
DA:149,0
DA:150,0
DA:151,0
DA:152,0
DA:153,0
DA:167,0
DA:169,0
DA:171,0
DA:172,0
DA:173,0
DA:176,0
DA:178,0
DA:179,0
DA:191,0
DA:193,0
DA:195,0
DA:197,0
DA:199,0
DA:200,0
DA:201,0
DA:203,0
DA:204,0
DA:205,0
DA:208,0
DA:211,0
DA:212,0
DA:213,0
DA:214,0
DA:215,0
DA:216,0
DA:217,0
DA:223,0
LF:113
LH:0
end_of_record
SF:lib\presentation\pages\movie_detail_page.dart
DA:12,1
DA:14,1
DA:15,1
DA:19,1
DA:21,1
DA:22,2
DA:23,6
DA:24,6
DA:28,1
DA:30,1
DA:31,1
DA:32,0
DA:33,0
DA:34,0
DA:36,0
DA:37,0
DA:38,0
DA:40,0
DA:41,0
DA:46,1
DA:47,1
DA:48,1
DA:49,1
DA:51,1
DA:52,1
DA:53,1
DA:55,1
DA:56,1
DA:57,0
DA:58,0
DA:62,1
DA:63,1
DA:69,1
DA:70,3
DA:87,1
DA:94,1
DA:96,3
DA:97,1
DA:98,1
DA:99,1
DA:100,3
DA:102,1
DA:104,0
DA:106,1
DA:108,1
DA:109,1
DA:110,1
DA:116,1
DA:117,1
DA:118,1
DA:120,1
DA:122,1
DA:124,1
DA:125,4
DA:126,1
DA:127,0
DA:128,0
DA:129,0
DA:130,0
DA:133,0
DA:134,0
DA:138,1
DA:140,1
DA:141,1
DA:148,4
DA:149,4
DA:150,1
DA:151,1
DA:152,1
DA:153,3
DA:155,1
DA:161,4
DA:165,2
DA:166,3
DA:168,2
DA:169,2
DA:171,1
DA:173,1
DA:175,1
DA:176,2
DA:177,1
DA:179,1
DA:180,0
DA:181,0
DA:184,0
DA:187,1
DA:192,1
DA:194,2
DA:195,1
DA:204,0
DA:211,2
DA:218,1
DA:220,1
DA:232,1
DA:234,1
DA:237,1
DA:239,0
DA:240,0
DA:249,1
DA:251,2
DA:252,3
DA:255,1
DA:259,3
DA:262,1
DA:263,1
DA:264,1
DA:266,1
DA:267,1
DA:269,0
LF:109
LH:85
end_of_record
SF:lib\presentation\pages\popular_movies_page.dart
DA:8,1
DA:10,1
DA:12,1
DA:16,1
DA:18,1
DA:19,1
DA:20,4
DA:24,1
DA:26,1
DA:27,1
DA:28,1
DA:30,1
DA:31,1
DA:32,1
DA:36,1
DA:37,1
DA:38,1
DA:39,2
DA:40,1
DA:42,2
DA:44,1
DA:45,1
DA:47,2
LF:23
LH:23
end_of_record
SF:lib\presentation\pages\search_page.dart
DA:9,2
DA:11,1
DA:13,1
DA:14,2
DA:15,1
DA:17,1
DA:19,1
DA:20,1
DA:21,1
DA:22,3
DA:24,1
DA:26,1
DA:27,1
DA:31,1
DA:32,2
DA:33,1
DA:34,1
DA:35,1
DA:37,1
DA:38,1
DA:39,1
DA:40,1
DA:42,1
DA:43,1
DA:44,1
DA:46,1
DA:49,1
DA:50,4
LF:28
LH:28
end_of_record
SF:lib\presentation\pages\top_rated_movies_page.dart
DA:8,1
DA:10,1
DA:11,1
DA:15,1
DA:17,1
DA:18,1
DA:19,4
DA:23,1
DA:25,1
DA:26,1
DA:27,1
DA:29,1
DA:30,1
DA:31,1
DA:33,1
DA:34,1
DA:35,1
DA:36,2
DA:37,1
DA:39,2
DA:41,1
DA:42,1
DA:44,2
LF:23
LH:23
end_of_record
SF:lib\presentation\pages\watchlist_movies_page.dart
DA:8,1
DA:10,1
DA:11,1
DA:15,1
DA:17,1
DA:18,2
DA:19,3
DA:23,1
DA:25,1
DA:26,1
DA:27,1
DA:29,1
DA:30,1
DA:31,1
DA:33,1
DA:34,1
DA:35,1
DA:36,2
DA:37,1
DA:39,2
DA:41,1
DA:42,1
DA:44,2
LF:23
LH:23
end_of_record
SF:lib\presentation\widgets\movie_card_list.dart
DA:9,5
DA:11,5
DA:13,5
DA:15,5
DA:16,1
DA:17,1
DA:20,2
DA:23,5
DA:25,5
DA:26,5
DA:27,5
DA:33,5
DA:35,5
DA:36,5
DA:37,10
DA:40,5
DA:42,5
DA:43,5
DA:44,10
DA:52,5
DA:54,5
DA:55,5
DA:56,15
DA:59,5
DA:60,10
DA:61,2
DA:63,10
LF:27
LH:27
end_of_record
